<?xml version="1.0" encoding="UTF-8"?>
<testng-results ignored="0" total="1" passed="1" failed="0" skipped="0">
  <reporter-output>
  </reporter-output>
  <suite started-at="2022-05-01T17:45:13 IST" name="Default suite" finished-at="2022-05-01T17:45:31 IST" duration-ms="17449">
    <groups>
    </groups>
    <test started-at="2022-05-01T17:45:13 IST" name="Default test" finished-at="2022-05-01T17:45:31 IST" duration-ms="17449">
      <class name="Script.TestCase1">
        <test-method is-config="true" signature="openApp()[pri:0, instance:Script.TestCase1@53976f5c]" started-at="2022-05-01T17:45:13 IST" name="openApp" finished-at="2022-05-01T17:45:21 IST" duration-ms="7747" status="PASS">
          <reporter-output>
          </reporter-output>
        </test-method> <!-- openApp -->
        <test-method signature="tc1()[pri:0, instance:Script.TestCase1@53976f5c]" started-at="2022-05-01T17:45:21 IST" name="tc1" finished-at="2022-05-01T17:45:30 IST" duration-ms="8773" status="PASS">
          <reporter-output>
          </reporter-output>
        </test-method> <!-- tc1 -->
        <test-method is-config="true" signature="closeApp(org.testng.ITestResult)[pri:0, instance:Script.TestCase1@53976f5c]" started-at="2022-05-01T17:45:30 IST" name="closeApp" finished-at="2022-05-01T17:45:31 IST" duration-ms="870" status="PASS">
          <params>
            <param index="0">
              <value>
                <![CDATA[[TestResult name=tc1 status=SUCCESS method=TestCase1.tc1()[pri:0, instance:Script.TestCase1@53976f5c] output={null}]]]>
              </value>
            </param>
          </params>
          <reporter-output>
          </reporter-output>
        </test-method> <!-- closeApp -->
      </class> <!-- Script.TestCase1 -->
    </test> <!-- Default test -->
  </suite> <!-- Default suite -->
</testng-results>
